mode: set
llama-server-loader/pkg/modelscan/matcher.go:10.48,14.2 3 1
llama-server-loader/pkg/modelscan/matcher.go:18.59,20.16 2 1
llama-server-loader/pkg/modelscan/matcher.go:20.16,22.3 1 0
llama-server-loader/pkg/modelscan/matcher.go:23.2,24.28 2 1
llama-server-loader/pkg/modelscan/matcher.go:24.28,26.3 1 1
llama-server-loader/pkg/modelscan/matcher.go:27.2,27.21 1 1
llama-server-loader/pkg/modelscan/matcher.go:31.33,33.2 1 1
llama-server-loader/pkg/modelscan/matcher.go:36.43,39.2 2 1
llama-server-loader/pkg/modelscan/matcher.go:43.53,48.31 2 1
llama-server-loader/pkg/modelscan/matcher.go:48.31,50.46 2 1
llama-server-loader/pkg/modelscan/matcher.go:50.46,52.18 2 1
llama-server-loader/pkg/modelscan/matcher.go:52.18,54.5 1 0
llama-server-loader/pkg/modelscan/matcher.go:55.4,55.31 1 1
llama-server-loader/pkg/modelscan/matcher.go:60.2,61.31 2 1
llama-server-loader/pkg/modelscan/matcher.go:61.31,68.3 5 1
llama-server-loader/pkg/modelscan/matcher.go:70.2,70.20 1 1
llama-server-loader/pkg/modelscan/scanner.go:36.36,39.16 3 1
llama-server-loader/pkg/modelscan/scanner.go:39.16,41.3 1 1
llama-server-loader/pkg/modelscan/scanner.go:41.8,43.3 1 1
llama-server-loader/pkg/modelscan/scanner.go:47.42,50.16 3 1
llama-server-loader/pkg/modelscan/scanner.go:50.16,52.3 1 1
llama-server-loader/pkg/modelscan/scanner.go:56.33,58.2 1 1
llama-server-loader/pkg/modelscan/scanner.go:61.31,63.2 1 1
llama-server-loader/pkg/modelscan/scanner.go:67.48,75.16 3 1
llama-server-loader/pkg/modelscan/scanner.go:75.16,77.3 1 1
llama-server-loader/pkg/modelscan/scanner.go:78.2,78.19 1 1
llama-server-loader/pkg/modelscan/scanner.go:78.19,80.3 1 1
llama-server-loader/pkg/modelscan/scanner.go:83.2,86.85 3 1
llama-server-loader/pkg/modelscan/scanner.go:86.85,87.17 1 1
llama-server-loader/pkg/modelscan/scanner.go:87.17,90.4 2 0
llama-server-loader/pkg/modelscan/scanner.go:91.3,91.43 1 1
llama-server-loader/pkg/modelscan/scanner.go:91.43,93.4 1 1
llama-server-loader/pkg/modelscan/scanner.go:94.3,94.13 1 1
llama-server-loader/pkg/modelscan/scanner.go:97.2,97.20 1 1
llama-server-loader/pkg/modelscan/scanner.go:97.20,99.3 1 0
llama-server-loader/pkg/modelscan/scanner.go:102.2,102.24 1 1
llama-server-loader/pkg/modelscan/scanner.go:102.24,104.3 1 1
llama-server-loader/pkg/modelscan/scanner.go:107.2,110.36 3 1
llama-server-loader/pkg/modelscan/scanner.go:110.36,112.22 2 1
llama-server-loader/pkg/modelscan/scanner.go:112.22,114.22 2 1
llama-server-loader/pkg/modelscan/scanner.go:114.22,117.5 2 0
llama-server-loader/pkg/modelscan/scanner.go:119.4,127.14 3 1
llama-server-loader/pkg/modelscan/scanner.go:131.2,132.20 2 1
llama-server-loader/pkg/modelscan/scanner.go:132.20,134.3 1 0
llama-server-loader/pkg/modelscan/scanner.go:136.2,136.20 1 1
