mode: set
llama-server-loader/internal/cli/cli.go:44.32,56.20 2 1
llama-server-loader/internal/cli/cli.go:56.20,58.3 1 1
llama-server-loader/internal/cli/cli.go:59.2,59.10 1 1
llama-server-loader/internal/cli/cli.go:63.48,66.20 3 1
llama-server-loader/internal/cli/cli.go:66.20,67.18 1 1
llama-server-loader/internal/cli/cli.go:68.21,69.24 1 1
llama-server-loader/internal/cli/cli.go:69.24,71.5 1 1
llama-server-loader/internal/cli/cli.go:72.4,73.10 2 1
llama-server-loader/internal/cli/cli.go:74.18,75.24 1 1
llama-server-loader/internal/cli/cli.go:75.24,77.5 1 0
llama-server-loader/internal/cli/cli.go:78.4,79.10 2 1
llama-server-loader/internal/cli/cli.go:80.20,81.24 1 1
llama-server-loader/internal/cli/cli.go:81.24,83.5 1 0
llama-server-loader/internal/cli/cli.go:84.4,85.18 2 1
llama-server-loader/internal/cli/cli.go:85.18,87.5 1 1
llama-server-loader/internal/cli/cli.go:88.4,89.10 2 1
llama-server-loader/internal/cli/cli.go:90.24,91.24 1 1
llama-server-loader/internal/cli/cli.go:91.24,93.5 1 0
llama-server-loader/internal/cli/cli.go:94.4,95.18 2 1
llama-server-loader/internal/cli/cli.go:95.18,97.5 1 1
llama-server-loader/internal/cli/cli.go:98.4,99.10 2 1
llama-server-loader/internal/cli/cli.go:100.24,102.7 2 1
llama-server-loader/internal/cli/cli.go:103.17,104.24 1 1
llama-server-loader/internal/cli/cli.go:104.24,106.5 1 0
llama-server-loader/internal/cli/cli.go:107.4,108.18 2 1
llama-server-loader/internal/cli/cli.go:108.18,110.5 1 0
llama-server-loader/internal/cli/cli.go:111.4,112.10 2 1
llama-server-loader/internal/cli/cli.go:113.24,114.24 1 1
llama-server-loader/internal/cli/cli.go:114.24,116.5 1 0
llama-server-loader/internal/cli/cli.go:117.4,118.10 2 1
llama-server-loader/internal/cli/cli.go:119.28,121.7 2 1
llama-server-loader/internal/cli/cli.go:122.19,123.24 1 1
llama-server-loader/internal/cli/cli.go:123.24,125.5 1 0
llama-server-loader/internal/cli/cli.go:126.4,127.10 2 1
llama-server-loader/internal/cli/cli.go:128.23,130.14 2 0
llama-server-loader/internal/cli/cli.go:131.11,132.55 1 1
llama-server-loader/internal/cli/cli.go:135.2,135.20 1 1
llama-server-loader/internal/cli/cli.go:139.18,164.2 2 1
llama-server-loader/internal/cli/cli.go:167.27,169.37 1 1
llama-server-loader/internal/cli/cli.go:169.37,171.3 1 0
llama-server-loader/internal/cli/cli.go:174.2,174.22 1 1
llama-server-loader/internal/cli/cli.go:174.22,176.3 1 1
llama-server-loader/internal/cli/cli.go:179.2,179.37 1 1
llama-server-loader/internal/cli/cli.go:179.37,182.3 2 0
llama-server-loader/internal/cli/cli.go:185.2,185.21 1 1
llama-server-loader/internal/cli/cli.go:185.21,187.3 1 0
llama-server-loader/internal/cli/cli.go:190.2,191.12 2 1
llama-server-loader/internal/cli/cli.go:195.32,196.21 1 1
llama-server-loader/internal/cli/cli.go:196.21,198.17 2 1
llama-server-loader/internal/cli/cli.go:198.17,200.4 1 1
llama-server-loader/internal/cli/cli.go:201.3,201.20 1 1
llama-server-loader/internal/cli/cli.go:201.20,203.4 1 0
llama-server-loader/internal/cli/cli.go:206.2,206.41 1 1
llama-server-loader/internal/cli/cli.go:206.41,208.3 1 1
llama-server-loader/internal/cli/cli.go:210.2,210.44 1 1
llama-server-loader/internal/cli/cli.go:210.44,212.3 1 1
llama-server-loader/internal/cli/cli.go:214.2,214.12 1 1
llama-server-loader/internal/cli/cli.go:218.38,227.2 4 0
llama-server-loader/internal/cli/cli.go:230.42,232.18 2 1
llama-server-loader/internal/cli/cli.go:232.18,234.3 1 1
llama-server-loader/internal/cli/cli.go:236.2,237.15 2 1
llama-server-loader/internal/cli/cli.go:237.15,238.48 1 1
llama-server-loader/internal/cli/cli.go:238.48,240.4 1 0
llama-server-loader/internal/cli/cli.go:244.2,251.68 2 1
llama-server-loader/internal/cli/cli.go:251.68,253.3 1 0
llama-server-loader/internal/cli/cli.go:255.2,256.12 2 1
llama-server-loader/internal/cli/cli.go:269.67,271.16 2 1
llama-server-loader/internal/cli/cli.go:271.16,273.3 1 1
llama-server-loader/internal/cli/cli.go:274.2,274.46 1 1
llama-server-loader/internal/cli/cli.go:278.36,279.9 1 1
llama-server-loader/internal/cli/cli.go:280.19,281.34 1 1
llama-server-loader/internal/cli/cli.go:282.24,283.51 1 1
llama-server-loader/internal/cli/cli.go:284.29,285.58 1 1
llama-server-loader/internal/cli/cli.go:286.10,287.63 1 1
llama-server-loader/internal/cli/cli.go:292.91,294.19 2 1
llama-server-loader/internal/cli/cli.go:294.19,296.3 1 1
llama-server-loader/internal/cli/cli.go:297.2,297.21 1 1
llama-server-loader/internal/cli/cli.go:297.21,299.3 1 1
llama-server-loader/internal/cli/cli.go:300.2,300.17 1 1
llama-server-loader/internal/cli/cli.go:300.17,302.3 1 1
llama-server-loader/internal/cli/cli.go:303.2,303.21 1 1
llama-server-loader/internal/cli/cli.go:303.21,305.3 1 1
llama-server-loader/internal/cli/cli.go:306.2,306.33 1 1
llama-server-loader/internal/cli/cli.go:310.27,313.2 1 1
