mode: set
llama-server-loader/pkg/modelscan/matcher.go:10.48,14.2 3 1
llama-server-loader/pkg/modelscan/matcher.go:18.59,20.16 2 1
llama-server-loader/pkg/modelscan/matcher.go:20.16,22.3 1 0
llama-server-loader/pkg/modelscan/matcher.go:23.2,24.28 2 1
llama-server-loader/pkg/modelscan/matcher.go:24.28,26.3 1 1
llama-server-loader/pkg/modelscan/matcher.go:27.2,27.21 1 1
llama-server-loader/pkg/modelscan/matcher.go:31.33,33.2 1 1
llama-server-loader/pkg/modelscan/matcher.go:36.43,39.2 2 1
llama-server-loader/pkg/modelscan/matcher.go:43.53,48.31 2 1
llama-server-loader/pkg/modelscan/matcher.go:48.31,50.46 2 1
llama-server-loader/pkg/modelscan/matcher.go:50.46,52.18 2 1
llama-server-loader/pkg/modelscan/matcher.go:52.18,54.5 1 0
llama-server-loader/pkg/modelscan/matcher.go:55.4,55.31 1 1
llama-server-loader/pkg/modelscan/matcher.go:60.2,61.31 2 1
llama-server-loader/pkg/modelscan/matcher.go:61.31,68.3 5 1
llama-server-loader/pkg/modelscan/matcher.go:70.2,70.20 1 1
llama-server-loader/pkg/modelscan/scanner.go:36.36,39.16 3 1
llama-server-loader/pkg/modelscan/scanner.go:39.16,41.3 1 1
llama-server-loader/pkg/modelscan/scanner.go:41.8,43.3 1 1
llama-server-loader/pkg/modelscan/scanner.go:47.42,50.16 3 1
llama-server-loader/pkg/modelscan/scanner.go:50.16,52.3 1 1
llama-server-loader/pkg/modelscan/scanner.go:56.33,58.2 1 1
llama-server-loader/pkg/modelscan/scanner.go:61.31,63.2 1 1
llama-server-loader/pkg/modelscan/scanner.go:67.48,75.16 3 1
llama-server-loader/pkg/modelscan/scanner.go:75.16,77.3 1 1
llama-server-loader/pkg/modelscan/scanner.go:78.2,78.19 1 1
llama-server-loader/pkg/modelscan/scanner.go:78.19,80.3 1 1
llama-server-loader/pkg/modelscan/scanner.go:83.2,86.85 3 1
llama-server-loader/pkg/modelscan/scanner.go:86.85,87.17 1 1
llama-server-loader/pkg/modelscan/scanner.go:87.17,90.4 2 0
llama-server-loader/pkg/modelscan/scanner.go:91.3,91.43 1 1
llama-server-loader/pkg/modelscan/scanner.go:91.43,93.4 1 1
llama-server-loader/pkg/modelscan/scanner.go:94.3,94.13 1 1
llama-server-loader/pkg/modelscan/scanner.go:97.2,97.20 1 1
llama-server-loader/pkg/modelscan/scanner.go:97.20,99.3 1 0
llama-server-loader/pkg/modelscan/scanner.go:102.2,102.24 1 1
llama-server-loader/pkg/modelscan/scanner.go:102.24,104.3 1 1
llama-server-loader/pkg/modelscan/scanner.go:107.2,110.36 3 1
llama-server-loader/pkg/modelscan/scanner.go:110.36,112.22 2 1
llama-server-loader/pkg/modelscan/scanner.go:112.22,114.22 2 1
llama-server-loader/pkg/modelscan/scanner.go:114.22,117.5 2 0
llama-server-loader/pkg/modelscan/scanner.go:119.4,127.14 3 1
llama-server-loader/pkg/modelscan/scanner.go:131.2,132.20 2 1
llama-server-loader/pkg/modelscan/scanner.go:132.20,134.3 1 0
llama-server-loader/pkg/modelscan/scanner.go:136.2,136.20 1 1
llama-server-loader/cmd/llama-server-loader/main.go:21.13,25.22 3 0
llama-server-loader/cmd/llama-server-loader/main.go:25.22,28.3 2 0
llama-server-loader/cmd/llama-server-loader/main.go:30.2,31.16 2 0
llama-server-loader/cmd/llama-server-loader/main.go:31.16,33.3 1 0
llama-server-loader/cmd/llama-server-loader/main.go:35.2,43.12 6 0
llama-server-loader/cmd/llama-server-loader/main.go:43.12,44.10 1 0
llama-server-loader/cmd/llama-server-loader/main.go:45.18,47.12 2 0
llama-server-loader/cmd/llama-server-loader/main.go:48.21,49.10 1 0
llama-server-loader/cmd/llama-server-loader/main.go:53.2,53.43 1 0
llama-server-loader/cmd/llama-server-loader/main.go:53.43,56.39 3 0
llama-server-loader/cmd/llama-server-loader/main.go:56.39,58.4 1 0
llama-server-loader/cmd/llama-server-loader/main.go:59.3,63.9 5 0
llama-server-loader/cmd/llama-server-loader/main.go:66.2,66.24 1 0
llama-server-loader/cmd/llama-server-loader/main.go:66.24,67.33 1 0
llama-server-loader/cmd/llama-server-loader/main.go:67.33,69.4 1 0
llama-server-loader/cmd/llama-server-loader/main.go:70.3,70.9 1 0
llama-server-loader/cmd/llama-server-loader/main.go:73.2,73.23 1 0
llama-server-loader/cmd/llama-server-loader/main.go:73.23,74.48 1 0
llama-server-loader/cmd/llama-server-loader/main.go:74.48,76.4 1 0
llama-server-loader/cmd/llama-server-loader/main.go:77.3,77.9 1 0
llama-server-loader/cmd/llama-server-loader/main.go:80.2,80.14 1 0
llama-server-loader/cmd/llama-server-loader/main.go:83.19,106.2 1 0
llama-server-loader/cmd/llama-server-loader/main.go:108.60,112.32 2 0
llama-server-loader/cmd/llama-server-loader/main.go:112.32,114.3 1 0
llama-server-loader/cmd/llama-server-loader/main.go:117.2,118.50 2 0
llama-server-loader/cmd/llama-server-loader/main.go:118.50,124.64 2 0
llama-server-loader/cmd/llama-server-loader/main.go:124.64,126.4 1 0
llama-server-loader/cmd/llama-server-loader/main.go:127.3,127.83 1 0
llama-server-loader/cmd/llama-server-loader/main.go:131.2,131.82 1 0
llama-server-loader/cmd/llama-server-loader/main.go:131.82,133.3 1 0
llama-server-loader/cmd/llama-server-loader/main.go:135.2,135.12 1 0
llama-server-loader/cmd/llama-server-loader/main.go:139.86,160.32 3 0
llama-server-loader/cmd/llama-server-loader/main.go:160.32,163.3 2 0
llama-server-loader/cmd/llama-server-loader/main.go:165.2,166.16 2 0
llama-server-loader/cmd/llama-server-loader/main.go:166.16,168.3 1 0
llama-server-loader/cmd/llama-server-loader/main.go:170.2,171.36 2 0
llama-server-loader/cmd/llama-server-loader/main.go:171.36,173.3 1 0
llama-server-loader/cmd/llama-server-loader/main.go:176.2,179.12 3 0
llama-server-loader/cmd/llama-server-loader/main.go:183.65,192.28 2 0
llama-server-loader/cmd/llama-server-loader/main.go:192.28,195.3 2 0
llama-server-loader/cmd/llama-server-loader/main.go:197.2,197.33 1 0
llama-server-loader/internal/cli/cli.go:46.32,58.20 2 1
llama-server-loader/internal/cli/cli.go:58.20,60.3 1 1
llama-server-loader/internal/cli/cli.go:61.2,61.10 1 1
llama-server-loader/internal/cli/cli.go:65.48,68.20 3 1
llama-server-loader/internal/cli/cli.go:68.20,69.18 1 1
llama-server-loader/internal/cli/cli.go:70.21,71.24 1 1
llama-server-loader/internal/cli/cli.go:71.24,73.5 1 1
llama-server-loader/internal/cli/cli.go:74.4,75.10 2 1
llama-server-loader/internal/cli/cli.go:76.18,77.24 1 1
llama-server-loader/internal/cli/cli.go:77.24,79.5 1 0
llama-server-loader/internal/cli/cli.go:80.4,81.10 2 1
llama-server-loader/internal/cli/cli.go:82.20,83.24 1 1
llama-server-loader/internal/cli/cli.go:83.24,85.5 1 0
llama-server-loader/internal/cli/cli.go:86.4,87.18 2 1
llama-server-loader/internal/cli/cli.go:87.18,89.5 1 1
llama-server-loader/internal/cli/cli.go:90.4,91.10 2 1
llama-server-loader/internal/cli/cli.go:92.24,93.24 1 1
llama-server-loader/internal/cli/cli.go:93.24,95.5 1 0
llama-server-loader/internal/cli/cli.go:96.4,97.18 2 1
llama-server-loader/internal/cli/cli.go:97.18,99.5 1 1
llama-server-loader/internal/cli/cli.go:100.4,101.10 2 1
llama-server-loader/internal/cli/cli.go:102.24,104.7 2 1
llama-server-loader/internal/cli/cli.go:105.17,106.24 1 1
llama-server-loader/internal/cli/cli.go:106.24,108.5 1 0
llama-server-loader/internal/cli/cli.go:109.4,110.18 2 1
llama-server-loader/internal/cli/cli.go:110.18,112.5 1 0
llama-server-loader/internal/cli/cli.go:113.4,114.10 2 1
llama-server-loader/internal/cli/cli.go:115.24,116.24 1 1
llama-server-loader/internal/cli/cli.go:116.24,118.5 1 0
llama-server-loader/internal/cli/cli.go:119.4,120.10 2 1
llama-server-loader/internal/cli/cli.go:121.28,123.7 2 1
llama-server-loader/internal/cli/cli.go:124.19,125.24 1 1
llama-server-loader/internal/cli/cli.go:125.24,127.5 1 0
llama-server-loader/internal/cli/cli.go:128.4,129.10 2 1
llama-server-loader/internal/cli/cli.go:130.23,132.14 2 0
llama-server-loader/internal/cli/cli.go:133.11,134.55 1 1
llama-server-loader/internal/cli/cli.go:137.2,137.20 1 1
llama-server-loader/internal/cli/cli.go:141.18,166.2 2 1
llama-server-loader/internal/cli/cli.go:169.27,171.37 1 1
llama-server-loader/internal/cli/cli.go:171.37,173.3 1 0
llama-server-loader/internal/cli/cli.go:176.2,176.22 1 1
llama-server-loader/internal/cli/cli.go:176.22,178.3 1 1
llama-server-loader/internal/cli/cli.go:181.2,181.37 1 1
llama-server-loader/internal/cli/cli.go:181.37,184.3 2 0
llama-server-loader/internal/cli/cli.go:187.2,187.21 1 1
llama-server-loader/internal/cli/cli.go:187.21,189.3 1 0
llama-server-loader/internal/cli/cli.go:192.2,193.12 2 1
llama-server-loader/internal/cli/cli.go:197.32,198.21 1 1
llama-server-loader/internal/cli/cli.go:198.21,200.17 2 1
llama-server-loader/internal/cli/cli.go:200.17,202.4 1 1
llama-server-loader/internal/cli/cli.go:203.3,203.20 1 1
llama-server-loader/internal/cli/cli.go:203.20,205.4 1 0
llama-server-loader/internal/cli/cli.go:208.2,208.41 1 1
llama-server-loader/internal/cli/cli.go:208.41,210.3 1 1
llama-server-loader/internal/cli/cli.go:212.2,212.44 1 1
llama-server-loader/internal/cli/cli.go:212.44,214.3 1 1
llama-server-loader/internal/cli/cli.go:216.2,216.12 1 1
llama-server-loader/internal/cli/cli.go:220.38,225.16 3 0
llama-server-loader/internal/cli/cli.go:225.16,227.3 1 0
llama-server-loader/internal/cli/cli.go:229.2,233.16 3 0
llama-server-loader/internal/cli/cli.go:233.16,235.3 1 0
llama-server-loader/internal/cli/cli.go:237.2,237.30 1 0
llama-server-loader/internal/cli/cli.go:237.30,239.3 1 0
llama-server-loader/internal/cli/cli.go:242.2,245.16 4 0
llama-server-loader/internal/cli/cli.go:245.16,247.3 1 0
llama-server-loader/internal/cli/cli.go:250.2,255.42 4 0
llama-server-loader/internal/cli/cli.go:255.42,257.3 1 0
llama-server-loader/internal/cli/cli.go:259.2,259.12 1 0
llama-server-loader/internal/cli/cli.go:263.42,265.18 2 1
llama-server-loader/internal/cli/cli.go:265.18,267.3 1 1
llama-server-loader/internal/cli/cli.go:269.2,270.15 2 1
llama-server-loader/internal/cli/cli.go:270.15,271.48 1 1
llama-server-loader/internal/cli/cli.go:271.48,273.4 1 0
llama-server-loader/internal/cli/cli.go:276.2,283.68 2 1
llama-server-loader/internal/cli/cli.go:283.68,285.3 1 0
llama-server-loader/internal/cli/cli.go:287.2,288.12 2 1
llama-server-loader/internal/cli/cli.go:292.67,294.16 2 1
llama-server-loader/internal/cli/cli.go:294.16,296.3 1 1
llama-server-loader/internal/cli/cli.go:297.2,297.46 1 1
llama-server-loader/internal/cli/cli.go:301.36,302.9 1 1
llama-server-loader/internal/cli/cli.go:303.19,304.34 1 1
llama-server-loader/internal/cli/cli.go:305.24,306.51 1 1
llama-server-loader/internal/cli/cli.go:307.29,308.58 1 1
llama-server-loader/internal/cli/cli.go:309.10,310.63 1 1
llama-server-loader/internal/cli/cli.go:315.91,317.19 2 1
llama-server-loader/internal/cli/cli.go:317.19,319.3 1 1
llama-server-loader/internal/cli/cli.go:320.2,320.21 1 1
llama-server-loader/internal/cli/cli.go:320.21,322.3 1 1
llama-server-loader/internal/cli/cli.go:323.2,323.17 1 1
llama-server-loader/internal/cli/cli.go:323.17,325.3 1 1
llama-server-loader/internal/cli/cli.go:326.2,326.21 1 1
llama-server-loader/internal/cli/cli.go:326.21,328.3 1 1
llama-server-loader/internal/cli/cli.go:329.2,329.33 1 1
llama-server-loader/internal/cli/cli.go:333.27,336.2 1 1
llama-server-loader/internal/cli/cli.go:339.32,341.2 1 0
llama-server-loader/internal/cli/cli.go:344.34,346.2 1 0
llama-server-loader/internal/cli/cli.go:349.29,351.2 1 0
llama-server-loader/internal/cli/cli.go:354.37,356.2 1 0
llama-server-loader/internal/cli/cli.go:359.33,361.2 1 0
llama-server-loader/internal/cli/cli.go:364.29,366.2 1 0
llama-server-loader/internal/cli/cli.go:369.35,371.2 1 0
llama-server-loader/internal/cli/cli.go:374.37,376.2 1 0
llama-server-loader/internal/cli/cli.go:379.31,381.2 1 0
llama-server-loader/internal/cli/cli.go:384.48,386.2 1 0
llama-server-loader/internal/cli/cli.go:389.42,390.28 1 0
llama-server-loader/internal/cli/cli.go:390.28,392.3 1 0
llama-server-loader/internal/cli/cli.go:393.2,393.11 1 0
llama-server-loader/internal/cli/cli.go:405.34,407.34 2 0
llama-server-loader/internal/cli/cli.go:407.34,409.3 1 0
llama-server-loader/internal/cli/cli.go:410.2,410.75 1 0
llama-server-loader/internal/cli/cli.go:413.40,415.34 2 0
llama-server-loader/internal/cli/cli.go:415.34,417.3 1 0
llama-server-loader/internal/cli/cli.go:418.2,418.13 1 0
llama-server-loader/internal/cli/cli.go:421.40,423.2 1 0
llama-server-loader/internal/cli/cli.go:439.45,441.27 2 0
llama-server-loader/internal/cli/cli.go:441.27,443.3 1 0
llama-server-loader/internal/cli/cli.go:445.2,454.3 5 0
llama-server-loader/internal/cli/cli.go:458.30,460.2 1 0
llama-server-loader/internal/cli/cli.go:463.56,464.27 1 0
llama-server-loader/internal/cli/cli.go:465.25,469.16 4 0
llama-server-loader/internal/cli/cli.go:470.23,471.23 1 0
llama-server-loader/internal/cli/cli.go:472.22,473.22 1 0
llama-server-loader/internal/cli/cli.go:474.16,475.57 1 0
llama-server-loader/internal/cli/cli.go:475.57,479.5 3 0
llama-server-loader/internal/cli/cli.go:480.14,481.22 1 0
llama-server-loader/internal/cli/cli.go:485.2,487.15 3 0
llama-server-loader/internal/cli/cli.go:491.31,506.2 7 0
llama-server-loader/internal/cli/cli.go:509.43,511.2 1 0
llama-server-loader/internal/cli/cli.go:513.24,514.11 1 0
llama-server-loader/internal/cli/cli.go:514.11,516.3 1 0
llama-server-loader/internal/cli/cli.go:517.2,517.10 1 0
llama-server-loader/internal/config/config.go:29.47,30.16 1 1
llama-server-loader/internal/config/config.go:30.16,32.3 1 1
llama-server-loader/internal/config/config.go:34.2,35.16 2 1
llama-server-loader/internal/config/config.go:35.16,37.3 1 1
llama-server-loader/internal/config/config.go:39.2,40.50 2 1
llama-server-loader/internal/config/config.go:40.50,42.3 1 0
llama-server-loader/internal/config/config.go:44.2,44.18 1 1
llama-server-loader/internal/config/config.go:49.49,50.16 1 1
llama-server-loader/internal/config/config.go:50.16,52.3 1 1
llama-server-loader/internal/config/config.go:53.2,53.16 1 1
llama-server-loader/internal/config/config.go:53.16,55.3 1 1
llama-server-loader/internal/config/config.go:57.2,58.16 2 1
llama-server-loader/internal/config/config.go:58.16,60.3 1 0
llama-server-loader/internal/config/config.go:62.2,62.55 1 1
llama-server-loader/internal/config/config.go:62.55,64.3 1 0
llama-server-loader/internal/config/config.go:66.2,66.12 1 1
llama-server-loader/internal/config/config.go:70.40,71.16 1 1
llama-server-loader/internal/config/config.go:71.16,73.3 1 1
llama-server-loader/internal/config/config.go:75.2,75.23 1 1
llama-server-loader/internal/config/config.go:75.23,77.3 1 1
llama-server-loader/internal/config/config.go:79.2,79.29 1 1
llama-server-loader/internal/config/config.go:79.29,81.3 1 1
llama-server-loader/internal/config/config.go:83.2,83.37 1 1
llama-server-loader/internal/config/config.go:83.37,84.17 1 1
llama-server-loader/internal/config/config.go:84.17,86.4 1 1
llama-server-loader/internal/config/config.go:89.2,89.26 1 1
llama-server-loader/internal/config/config.go:89.26,91.3 1 1
llama-server-loader/internal/config/config.go:93.2,93.35 1 1
llama-server-loader/internal/config/config.go:93.35,94.56 1 1
llama-server-loader/internal/config/config.go:94.56,96.4 1 1
llama-server-loader/internal/config/config.go:99.2,99.12 1 1
llama-server-loader/internal/config/config.go:103.60,104.15 1 1
llama-server-loader/internal/config/config.go:104.15,106.3 1 0
llama-server-loader/internal/config/config.go:108.2,108.19 1 1
llama-server-loader/internal/config/config.go:108.19,110.3 1 1
llama-server-loader/internal/config/config.go:112.2,112.24 1 1
llama-server-loader/internal/config/config.go:112.24,114.3 1 1
llama-server-loader/internal/config/config.go:116.2,116.17 1 1
llama-server-loader/internal/config/config.go:116.17,118.3 1 1
llama-server-loader/internal/config/config.go:121.2,121.23 1 1
llama-server-loader/internal/config/config.go:121.23,123.17 2 1
llama-server-loader/internal/config/config.go:123.17,125.4 1 1
llama-server-loader/internal/config/config.go:128.2,128.12 1 1
llama-server-loader/internal/config/config.go:132.48,134.2 1 1
llama-server-loader/internal/config/config.go:137.45,138.35 1 1
llama-server-loader/internal/config/config.go:138.35,139.25 1 1
llama-server-loader/internal/config/config.go:139.25,142.4 2 1
llama-server-loader/internal/config/config.go:147.63,148.35 1 1
llama-server-loader/internal/config/config.go:148.35,149.25 1 1
llama-server-loader/internal/config/config.go:149.25,151.4 1 1
llama-server-loader/internal/config/config.go:153.2,153.19 1 1
llama-server-loader/internal/config/config.go:157.74,158.35 1 1
llama-server-loader/internal/config/config.go:158.35,159.25 1 1
llama-server-loader/internal/config/config.go:159.25,162.4 2 1
llama-server-loader/internal/config/config.go:164.2,164.57 1 1
llama-server-loader/internal/config/loader.go:33.50,35.16 2 1
llama-server-loader/internal/config/loader.go:35.16,37.3 1 1
llama-server-loader/internal/config/loader.go:39.2,40.24 2 1
llama-server-loader/internal/config/loader.go:40.24,42.3 1 1
llama-server-loader/internal/config/loader.go:44.2,45.49 2 1
llama-server-loader/internal/config/loader.go:45.49,47.3 1 1
llama-server-loader/internal/config/loader.go:48.2,48.17 1 1
llama-server-loader/internal/config/validator.go:8.42,9.15 1 1
llama-server-loader/internal/config/validator.go:9.15,11.3 1 1
llama-server-loader/internal/config/validator.go:12.2,12.29 1 1
llama-server-loader/internal/config/validator.go:12.29,14.3 1 0
llama-server-loader/internal/config/validator.go:15.2,16.36 2 1
llama-server-loader/internal/config/validator.go:16.36,17.32 1 1
llama-server-loader/internal/config/validator.go:17.32,18.45 1 1
llama-server-loader/internal/config/validator.go:18.45,20.5 1 0
llama-server-loader/internal/config/validator.go:21.4,21.22 1 1
llama-server-loader/internal/config/validator.go:21.22,23.5 1 1
llama-server-loader/internal/config/validator.go:24.4,24.16 1 1
llama-server-loader/internal/config/validator.go:27.2,27.21 1 1
llama-server-loader/internal/config/validator.go:27.21,29.3 1 0
llama-server-loader/internal/config/validator.go:30.2,30.12 1 1
llama-server-loader/pkg/servercmd/servercmd.go:42.51,43.16 1 1
llama-server-loader/pkg/servercmd/servercmd.go:43.16,45.3 1 1
llama-server-loader/pkg/servercmd/servercmd.go:48.2,48.23 1 1
llama-server-loader/pkg/servercmd/servercmd.go:48.23,50.3 1 0
llama-server-loader/pkg/servercmd/servercmd.go:53.2,54.25 2 1
llama-server-loader/pkg/servercmd/servercmd.go:54.25,56.3 1 1
llama-server-loader/pkg/servercmd/servercmd.go:59.2,59.54 1 1
llama-server-loader/pkg/servercmd/servercmd.go:59.54,61.3 1 0
llama-server-loader/pkg/servercmd/servercmd.go:64.2,64.57 1 1
llama-server-loader/pkg/servercmd/servercmd.go:64.57,66.3 1 0
llama-server-loader/pkg/servercmd/servercmd.go:69.2,70.16 2 1
llama-server-loader/pkg/servercmd/servercmd.go:70.16,72.3 1 0
llama-server-loader/pkg/servercmd/servercmd.go:74.2,78.17 4 1
llama-server-loader/pkg/servercmd/servercmd.go:82.83,84.16 2 0
llama-server-loader/pkg/servercmd/servercmd.go:84.16,86.3 1 0
llama-server-loader/pkg/servercmd/servercmd.go:89.2,90.17 2 0
llama-server-loader/pkg/servercmd/servercmd.go:94.47,95.38 1 1
llama-server-loader/pkg/servercmd/servercmd.go:95.38,97.58 1 1
llama-server-loader/pkg/servercmd/servercmd.go:97.58,99.4 1 1
llama-server-loader/pkg/servercmd/servercmd.go:103.2,104.24 2 1
llama-server-loader/pkg/servercmd/servercmd.go:104.24,105.31 1 0
llama-server-loader/pkg/servercmd/servercmd.go:105.31,107.4 1 0
llama-server-loader/pkg/servercmd/servercmd.go:110.2,110.12 1 1
llama-server-loader/pkg/servercmd/servercmd.go:114.57,119.33 3 1
llama-server-loader/pkg/servercmd/servercmd.go:119.33,121.3 1 1
llama-server-loader/pkg/servercmd/servercmd.go:122.2,122.29 1 1
llama-server-loader/pkg/servercmd/servercmd.go:122.29,124.3 1 1
llama-server-loader/pkg/servercmd/servercmd.go:125.2,125.20 1 1
llama-server-loader/pkg/servercmd/servercmd.go:125.20,127.3 1 1
llama-server-loader/pkg/servercmd/servercmd.go:130.2,131.32 2 1
llama-server-loader/pkg/servercmd/servercmd.go:131.32,133.3 1 1
llama-server-loader/pkg/servercmd/servercmd.go:134.2,134.39 1 1
llama-server-loader/pkg/servercmd/servercmd.go:134.39,136.3 1 1
llama-server-loader/pkg/servercmd/servercmd.go:137.2,137.19 1 1
llama-server-loader/pkg/servercmd/servercmd.go:137.19,139.3 1 1
llama-server-loader/pkg/servercmd/servercmd.go:142.2,143.29 2 1
llama-server-loader/pkg/servercmd/servercmd.go:143.29,145.3 1 1
llama-server-loader/pkg/servercmd/servercmd.go:146.2,146.35 1 1
llama-server-loader/pkg/servercmd/servercmd.go:146.35,148.3 1 1
llama-server-loader/pkg/servercmd/servercmd.go:149.2,149.22 1 1
llama-server-loader/pkg/servercmd/servercmd.go:149.22,151.3 1 1
llama-server-loader/pkg/servercmd/servercmd.go:154.2,155.29 2 1
llama-server-loader/pkg/servercmd/servercmd.go:155.29,157.3 1 1
llama-server-loader/pkg/servercmd/servercmd.go:158.2,158.36 1 1
llama-server-loader/pkg/servercmd/servercmd.go:158.36,160.3 1 1
llama-server-loader/pkg/servercmd/servercmd.go:161.2,161.18 1 1
llama-server-loader/pkg/servercmd/servercmd.go:161.18,163.3 1 1
llama-server-loader/pkg/servercmd/servercmd.go:165.2,165.18 1 1
llama-server-loader/pkg/servercmd/servercmd.go:169.62,174.21 3 1
llama-server-loader/pkg/servercmd/servercmd.go:174.21,175.46 1 1
llama-server-loader/pkg/servercmd/servercmd.go:175.46,177.4 1 1
llama-server-loader/pkg/servercmd/servercmd.go:177.9,177.49 1 1
llama-server-loader/pkg/servercmd/servercmd.go:177.49,179.4 1 0
llama-server-loader/pkg/servercmd/servercmd.go:182.2,182.21 1 1
llama-server-loader/pkg/servercmd/servercmd.go:182.21,184.3 1 1
llama-server-loader/pkg/servercmd/servercmd.go:187.2,187.38 1 1
llama-server-loader/pkg/servercmd/servercmd.go:187.38,189.3 1 1
llama-server-loader/pkg/servercmd/servercmd.go:192.2,192.32 1 1
llama-server-loader/pkg/servercmd/servercmd.go:192.32,193.14 1 1
llama-server-loader/pkg/servercmd/servercmd.go:194.21,196.12 1 1
llama-server-loader/pkg/servercmd/servercmd.go:198.23,200.12 1 0
llama-server-loader/pkg/servercmd/servercmd.go:202.23,203.30 1 1
llama-server-loader/pkg/servercmd/servercmd.go:203.30,205.5 1 1
llama-server-loader/pkg/servercmd/servercmd.go:207.24,208.30 1 0
llama-server-loader/pkg/servercmd/servercmd.go:208.30,210.5 1 0
llama-server-loader/pkg/servercmd/servercmd.go:212.30,213.27 1 1
llama-server-loader/pkg/servercmd/servercmd.go:214.17,215.58 1 1
llama-server-loader/pkg/servercmd/servercmd.go:216.13,217.56 1 0
llama-server-loader/pkg/servercmd/servercmd.go:218.16,219.37 1 0
llama-server-loader/pkg/servercmd/servercmd.go:222.28,223.30 1 1
llama-server-loader/pkg/servercmd/servercmd.go:223.30,225.5 1 1
llama-server-loader/pkg/servercmd/servercmd.go:227.15,228.44 1 1
llama-server-loader/pkg/servercmd/servercmd.go:228.44,230.5 1 1
llama-server-loader/pkg/servercmd/servercmd.go:232.15,233.27 1 1
llama-server-loader/pkg/servercmd/servercmd.go:234.13,235.56 1 1
llama-server-loader/pkg/servercmd/servercmd.go:236.17,237.61 1 0
llama-server-loader/pkg/servercmd/servercmd.go:238.16,239.37 1 0
llama-server-loader/pkg/servercmd/servercmd.go:242.26,243.30 1 0
llama-server-loader/pkg/servercmd/servercmd.go:243.30,245.5 1 0
llama-server-loader/pkg/servercmd/servercmd.go:247.28,248.30 1 0
llama-server-loader/pkg/servercmd/servercmd.go:248.30,250.5 1 0
llama-server-loader/pkg/servercmd/servercmd.go:252.16,253.30 1 1
llama-server-loader/pkg/servercmd/servercmd.go:253.30,255.5 1 1
llama-server-loader/pkg/servercmd/servercmd.go:257.16,258.27 1 1
llama-server-loader/pkg/servercmd/servercmd.go:259.17,260.59 1 1
llama-server-loader/pkg/servercmd/servercmd.go:261.13,262.57 1 0
llama-server-loader/pkg/servercmd/servercmd.go:265.16,266.27 1 1
llama-server-loader/pkg/servercmd/servercmd.go:267.17,268.59 1 1
llama-server-loader/pkg/servercmd/servercmd.go:269.13,270.57 1 0
llama-server-loader/pkg/servercmd/servercmd.go:273.25,274.27 1 1
llama-server-loader/pkg/servercmd/servercmd.go:275.17,276.68 1 1
llama-server-loader/pkg/servercmd/servercmd.go:277.13,278.66 1 0
llama-server-loader/pkg/servercmd/servercmd.go:281.27,282.27 1 0
llama-server-loader/pkg/servercmd/servercmd.go:283.17,284.70 1 0
llama-server-loader/pkg/servercmd/servercmd.go:285.13,286.68 1 0
llama-server-loader/pkg/servercmd/servercmd.go:289.28,290.27 1 0
llama-server-loader/pkg/servercmd/servercmd.go:291.17,292.71 1 0
llama-server-loader/pkg/servercmd/servercmd.go:293.13,294.69 1 0
llama-server-loader/pkg/servercmd/servercmd.go:297.27,298.31 1 1
llama-server-loader/pkg/servercmd/servercmd.go:298.31,299.10 1 1
llama-server-loader/pkg/servercmd/servercmd.go:299.10,301.6 1 1
llama-server-loader/pkg/servercmd/servercmd.go:301.11,303.6 1 0
llama-server-loader/pkg/servercmd/servercmd.go:306.26,307.37 1 1
llama-server-loader/pkg/servercmd/servercmd.go:307.37,309.5 1 1
llama-server-loader/pkg/servercmd/servercmd.go:311.16,312.36 1 1
llama-server-loader/pkg/servercmd/servercmd.go:312.36,314.5 1 1
llama-server-loader/pkg/servercmd/servercmd.go:316.34,317.36 1 1
llama-server-loader/pkg/servercmd/servercmd.go:317.36,319.5 1 0
llama-server-loader/pkg/servercmd/servercmd.go:321.30,322.37 1 0
llama-server-loader/pkg/servercmd/servercmd.go:322.37,324.5 1 0
llama-server-loader/pkg/servercmd/servercmd.go:326.16,327.37 1 0
llama-server-loader/pkg/servercmd/servercmd.go:327.37,329.5 1 0
llama-server-loader/pkg/servercmd/servercmd.go:331.25,332.30 1 0
llama-server-loader/pkg/servercmd/servercmd.go:332.30,334.5 1 0
llama-server-loader/pkg/servercmd/servercmd.go:336.27,337.44 1 0
llama-server-loader/pkg/servercmd/servercmd.go:337.44,339.5 1 0
llama-server-loader/pkg/servercmd/servercmd.go:341.18,342.44 1 0
llama-server-loader/pkg/servercmd/servercmd.go:342.44,344.5 1 0
llama-server-loader/pkg/servercmd/servercmd.go:346.15,347.30 1 1
llama-server-loader/pkg/servercmd/servercmd.go:347.30,349.5 1 1
llama-server-loader/pkg/servercmd/servercmd.go:351.31,352.30 1 1
llama-server-loader/pkg/servercmd/servercmd.go:352.30,354.5 1 1
llama-server-loader/pkg/servercmd/servercmd.go:356.15,357.30 1 0
llama-server-loader/pkg/servercmd/servercmd.go:357.30,359.5 1 0
llama-server-loader/pkg/servercmd/servercmd.go:361.23,362.44 1 0
llama-server-loader/pkg/servercmd/servercmd.go:362.44,364.5 1 0
llama-server-loader/pkg/servercmd/servercmd.go:366.21,367.27 1 0
llama-server-loader/pkg/servercmd/servercmd.go:368.17,369.64 1 0
llama-server-loader/pkg/servercmd/servercmd.go:370.13,371.62 1 0
llama-server-loader/pkg/servercmd/servercmd.go:374.25,375.27 1 0
llama-server-loader/pkg/servercmd/servercmd.go:376.17,377.68 1 0
llama-server-loader/pkg/servercmd/servercmd.go:378.13,379.66 1 0
llama-server-loader/pkg/servercmd/servercmd.go:382.17,383.44 1 0
llama-server-loader/pkg/servercmd/servercmd.go:383.44,385.5 1 0
llama-server-loader/pkg/servercmd/servercmd.go:387.23,388.44 1 0
llama-server-loader/pkg/servercmd/servercmd.go:388.44,390.5 1 0
llama-server-loader/pkg/servercmd/servercmd.go:392.25,393.30 1 0
llama-server-loader/pkg/servercmd/servercmd.go:393.30,395.5 1 0
llama-server-loader/pkg/servercmd/servercmd.go:397.27,398.44 1 0
llama-server-loader/pkg/servercmd/servercmd.go:398.44,400.5 1 0
llama-server-loader/pkg/servercmd/servercmd.go:402.15,403.44 1 0
llama-server-loader/pkg/servercmd/servercmd.go:403.44,405.5 1 0
llama-server-loader/pkg/servercmd/servercmd.go:407.21,408.44 1 0
llama-server-loader/pkg/servercmd/servercmd.go:408.44,410.5 1 0
llama-server-loader/pkg/servercmd/servercmd.go:412.33,413.27 1 0
llama-server-loader/pkg/servercmd/servercmd.go:414.13,415.65 1 0
llama-server-loader/pkg/servercmd/servercmd.go:416.16,417.46 1 0
llama-server-loader/pkg/servercmd/servercmd.go:420.19,421.44 1 0
llama-server-loader/pkg/servercmd/servercmd.go:421.44,423.5 1 0
llama-server-loader/pkg/servercmd/servercmd.go:425.11,428.22 2 0
llama-server-loader/pkg/servercmd/servercmd.go:428.22,429.13 1 0
llama-server-loader/pkg/servercmd/servercmd.go:431.4,431.27 1 0
llama-server-loader/pkg/servercmd/servercmd.go:432.14,433.39 1 0
llama-server-loader/pkg/servercmd/servercmd.go:434.16,435.16 1 0
llama-server-loader/pkg/servercmd/servercmd.go:435.16,437.6 1 0
llama-server-loader/pkg/servercmd/servercmd.go:438.13,439.61 1 0
llama-server-loader/pkg/servercmd/servercmd.go:440.17,441.63 1 0
llama-server-loader/pkg/servercmd/servercmd.go:442.12,444.32 2 0
llama-server-loader/pkg/servercmd/servercmd.go:444.32,446.6 1 0
llama-server-loader/pkg/servercmd/servercmd.go:451.2,451.18 1 1
llama-server-loader/pkg/servercmd/servercmd.go:455.39,457.32 1 1
llama-server-loader/pkg/servercmd/servercmd.go:457.32,459.3 1 1
llama-server-loader/pkg/servercmd/servercmd.go:462.2,462.32 1 1
llama-server-loader/pkg/servercmd/servercmd.go:462.32,464.3 1 1
llama-server-loader/pkg/servercmd/servercmd.go:467.2,468.43 2 1
llama-server-loader/pkg/servercmd/servercmd.go:468.43,470.3 1 1
llama-server-loader/pkg/servercmd/servercmd.go:471.2,471.34 1 1
llama-server-loader/pkg/servercmd/servercmd.go:475.40,476.13 1 1
llama-server-loader/pkg/servercmd/servercmd.go:476.13,478.3 1 1
llama-server-loader/pkg/servercmd/servercmd.go:480.2,482.30 3 1
llama-server-loader/pkg/servercmd/servercmd.go:482.30,483.33 1 1
llama-server-loader/pkg/servercmd/servercmd.go:483.33,485.18 2 1
llama-server-loader/pkg/servercmd/servercmd.go:485.18,487.5 1 1
llama-server-loader/pkg/servercmd/servercmd.go:488.4,488.13 1 1
llama-server-loader/pkg/servercmd/servercmd.go:491.2,492.14 2 1
llama-server-loader/pkg/servercmd/servercmd.go:496.38,499.2 2 0
llama-server-loader/internal/webui/embed.go:11.13,14.16 3 1
llama-server-loader/internal/webui/embed.go:14.16,15.53 1 0
llama-server-loader/internal/webui/webui.go:85.37,92.2 1 1
llama-server-loader/internal/webui/webui.go:95.48,97.2 1 1
llama-server-loader/internal/webui/webui.go:100.51,117.12 5 1
llama-server-loader/internal/webui/webui.go:117.12,121.56 4 1
llama-server-loader/internal/webui/webui.go:121.56,123.4 1 0
llama-server-loader/internal/webui/webui.go:126.2,128.34 3 1
llama-server-loader/internal/webui/webui.go:132.54,137.21 3 1
llama-server-loader/internal/webui/webui.go:137.21,139.3 1 1
llama-server-loader/internal/webui/webui.go:140.2,140.12 1 0
llama-server-loader/internal/webui/webui.go:144.40,145.24 1 1
llama-server-loader/internal/webui/webui.go:145.24,147.3 1 0
llama-server-loader/internal/webui/webui.go:148.2,148.42 1 1
llama-server-loader/internal/webui/webui.go:148.42,153.13 4 0
llama-server-loader/internal/webui/webui.go:153.13,155.4 1 0
llama-server-loader/internal/webui/webui.go:156.3,156.10 1 0
llama-server-loader/internal/webui/webui.go:157.15,158.43 1 0
llama-server-loader/internal/webui/webui.go:159.38,161.24 2 0
llama-server-loader/internal/webui/webui.go:167.68,168.33 1 1
llama-server-loader/internal/webui/webui.go:168.33,174.3 2 1
llama-server-loader/internal/webui/webui.go:176.2,178.45 3 1
llama-server-loader/internal/webui/webui.go:178.45,184.3 2 1
llama-server-loader/internal/webui/webui.go:186.2,187.20 2 1
llama-server-loader/internal/webui/webui.go:188.19,189.29 1 1
llama-server-loader/internal/webui/webui.go:190.21,191.41 1 0
llama-server-loader/internal/webui/webui.go:192.19,193.29 1 1
llama-server-loader/internal/webui/webui.go:194.18,195.28 1 1
llama-server-loader/internal/webui/webui.go:196.10,201.9 2 1
llama-server-loader/internal/webui/webui.go:204.2,205.19 2 1
llama-server-loader/internal/webui/webui.go:205.19,207.3 1 1
llama-server-loader/internal/webui/webui.go:209.2,212.4 1 1
llama-server-loader/internal/webui/webui.go:216.48,221.2 1 1
llama-server-loader/internal/webui/webui.go:224.72,225.22 1 1
llama-server-loader/internal/webui/webui.go:225.22,227.3 1 1
llama-server-loader/internal/webui/webui.go:229.2,230.51 2 1
llama-server-loader/internal/webui/webui.go:230.51,234.3 1 0
llama-server-loader/internal/webui/webui.go:236.2,260.16 5 1
llama-server-loader/internal/webui/webui.go:260.16,265.3 2 0
llama-server-loader/internal/webui/webui.go:268.2,272.36 4 1
llama-server-loader/internal/webui/webui.go:272.36,278.3 3 0
llama-server-loader/internal/webui/webui.go:281.2,284.16 2 1
llama-server-loader/internal/webui/webui.go:284.16,286.3 1 1
llama-server-loader/internal/webui/webui.go:286.8,288.3 1 0
llama-server-loader/internal/webui/webui.go:290.2,290.12 1 1
llama-server-loader/internal/webui/webui.go:290.12,292.70 2 1
llama-server-loader/internal/webui/webui.go:292.70,294.4 1 0
llama-server-loader/internal/webui/webui.go:297.2,300.3 1 1
llama-server-loader/internal/webui/webui.go:304.48,309.2 1 1
llama-server-loader/internal/webui/webui.go:312.47,314.12 2 1
llama-server-loader/internal/webui/webui.go:314.12,317.3 2 1
llama-server-loader/internal/webui/webui.go:318.2,320.3 1 1
llama-server-loader/internal/webui/webui.go:324.71,325.54 1 1
llama-server-loader/internal/webui/webui.go:325.54,329.3 3 1
llama-server-loader/internal/webui/webui.go:332.2,333.34 2 1
llama-server-loader/internal/webui/webui.go:333.34,335.3 1 1
llama-server-loader/internal/webui/webui.go:337.2,337.65 1 1
llama-server-loader/internal/webui/webui.go:337.65,339.3 1 1
llama-server-loader/internal/webui/webui.go:341.2,342.16 2 1
llama-server-loader/internal/webui/webui.go:342.16,345.3 2 1
llama-server-loader/internal/webui/webui.go:347.2,347.40 1 1
llama-server-loader/internal/webui/webui.go:348.14,349.45 1 0
llama-server-loader/internal/webui/webui.go:350.13,351.59 1 1
llama-server-loader/internal/webui/webui.go:352.15,353.61 1 0
llama-server-loader/internal/webui/webui.go:354.10,354.10 0 1
llama-server-loader/internal/webui/webui.go:358.2,358.15 1 1
llama-server-loader/internal/webui/webui.go:362.80,364.56 2 1
llama-server-loader/internal/webui/webui.go:364.56,366.3 1 0
llama-server-loader/internal/webui/webui.go:370.85,373.59 3 1
llama-server-loader/internal/webui/webui.go:373.59,375.3 1 0
llama-server-loader/internal/webui/webui.go:379.37,380.16 1 1
llama-server-loader/internal/webui/webui.go:380.16,382.3 1 1
llama-server-loader/internal/webui/webui.go:383.2,385.42 3 1
llama-server-loader/internal/webui/webui.go:385.42,388.3 2 1
llama-server-loader/internal/webui/webui.go:389.2,389.59 1 1
llama-server-loader/internal/webui/webui.go:393.42,399.2 4 1
llama-server-loader/internal/webui/webui.go:402.60,404.26 2 1
llama-server-loader/internal/webui/webui.go:404.26,405.26 1 1
llama-server-loader/internal/webui/webui.go:406.15,407.57 1 1
llama-server-loader/internal/webui/webui.go:408.16,409.59 1 1
llama-server-loader/internal/webui/webui.go:410.13,411.11 1 0
llama-server-loader/internal/webui/webui.go:411.11,413.5 1 0
llama-server-loader/internal/webui/webui.go:414.11,417.18 3 0
llama-server-loader/internal/webui/webui.go:417.18,419.5 1 0
llama-server-loader/internal/webui/webui.go:419.10,421.5 1 0
llama-server-loader/internal/webui/webui.go:424.2,424.33 1 1
