mode: set
llama-server-loader/pkg/modelscan/matcher.go:10.48,14.2 3 1
llama-server-loader/pkg/modelscan/matcher.go:18.59,20.16 2 1
llama-server-loader/pkg/modelscan/matcher.go:20.16,22.3 1 0
llama-server-loader/pkg/modelscan/matcher.go:23.2,24.28 2 1
llama-server-loader/pkg/modelscan/matcher.go:24.28,26.3 1 1
llama-server-loader/pkg/modelscan/matcher.go:27.2,27.21 1 1
llama-server-loader/pkg/modelscan/matcher.go:31.33,33.2 1 1
llama-server-loader/pkg/modelscan/scanner.go:20.45,22.16 2 1
llama-server-loader/pkg/modelscan/scanner.go:22.16,24.3 1 0
llama-server-loader/pkg/modelscan/scanner.go:26.2,32.84 5 1
llama-server-loader/pkg/modelscan/scanner.go:32.84,33.17 1 1
llama-server-loader/pkg/modelscan/scanner.go:33.17,35.4 1 1
llama-server-loader/pkg/modelscan/scanner.go:36.3,36.19 1 1
llama-server-loader/pkg/modelscan/scanner.go:36.19,38.4 1 1
llama-server-loader/pkg/modelscan/scanner.go:39.3,40.21 2 1
llama-server-loader/pkg/modelscan/scanner.go:40.21,42.4 1 1
llama-server-loader/pkg/modelscan/scanner.go:44.3,44.22 1 1
llama-server-loader/pkg/modelscan/scanner.go:44.22,55.4 5 1
llama-server-loader/pkg/modelscan/scanner.go:57.3,57.13 1 1
llama-server-loader/pkg/modelscan/scanner.go:60.2,60.16 1 1
llama-server-loader/pkg/modelscan/scanner.go:60.16,62.3 1 1
llama-server-loader/pkg/modelscan/scanner.go:64.2,66.20 2 1
